Release 14.7 - ngc2edif P.20131013 (nt64)
Copyright (c) 1995-2013 Xilinx, Inc.  All rights reserved.
Reading design storage_test.ngc ...
WARNING:NetListWriters:298 - No output is written to storage_test.xncf, ignored.
Processing design ...
   Preping design's networks ...
   Preping design's macros ...
  finished :Prep
Writing EDIF netlist file storage_test.edif ...
ngc2edif: Total memory usage is 80872 kilobytes

Release 14.7 - ngc2edif P.20131013 (nt64)
Copyright (c) 1995-2013 Xilinx, Inc.  All rights reserved.
Reading design storage_test.ngc ...
WARNING:NetListWriters:298 - No output is written to storage_test.xncf, ignored.
Processing design ...
   Preping design's networks ...
   Preping design's macros ...
  finished :Prep
Writing EDIF netlist file storage_test.edif ...
ngc2edif: Total memory usage is 80872 kilobytes

Release 14.7 - ngc2edif P.20131013 (nt64)
Copyright (c) 1995-2013 Xilinx, Inc.  All rights reserved.
Reading design mymips.ngc ...
WARNING:NetListWriters:298 - No output is written to mymips.xncf, ignored.
Processing design ...
   Preping design's networks ...
   Preping design's macros ...
WARNING:NetListWriters:306 - Signal bus stall<2 : 0> on block mymips is not
   reconstructed, because there are some missing bus signals.
  finished :Prep
Writing EDIF netlist file mymips.edif ...
ngc2edif: Total memory usage is 89064 kilobytes

Release 14.7 - ngc2edif P.20131013 (nt64)
Copyright (c) 1995-2013 Xilinx, Inc.  All rights reserved.
Reading design mymips.ngc ...
WARNING:NetListWriters:298 - No output is written to mymips.xncf, ignored.
Processing design ...
   Preping design's networks ...
   Preping design's macros ...
WARNING:NetListWriters:306 - Signal bus stall<2 : 0> on block mymips is not
   reconstructed, because there are some missing bus signals.
  finished :Prep
Writing EDIF netlist file mymips.edif ...
ngc2edif: Total memory usage is 89064 kilobytes

Release 14.7 - ngc2edif P.20131013 (nt64)
Copyright (c) 1995-2013 Xilinx, Inc.  All rights reserved.
Reading design flash_test.ngc ...
WARNING:NetListWriters:298 - No output is written to flash_test.xncf, ignored.
Processing design ...
   Preping design's networks ...
   Preping design's macros ...
  finished :Prep
Writing EDIF netlist file flash_test.edif ...
ngc2edif: Total memory usage is 80872 kilobytes

Release 14.7 - ngc2edif P.20131013 (nt64)
Copyright (c) 1995-2013 Xilinx, Inc.  All rights reserved.
Reading design flash_test.ngc ...
WARNING:NetListWriters:298 - No output is written to flash_test.xncf, ignored.
Processing design ...
   Preping design's networks ...
   Preping design's macros ...
  finished :Prep
Writing EDIF netlist file flash_test.edif ...
ngc2edif: Total memory usage is 80872 kilobytes

Release 14.7 - ngc2edif P.20131013 (nt64)
Copyright (c) 1995-2013 Xilinx, Inc.  All rights reserved.
Reading design mymips.ngc ...
WARNING:NetListWriters:298 - No output is written to mymips.xncf, ignored.
Processing design ...
   Preping design's networks ...
   Preping design's macros ...
WARNING:NetListWriters:306 - Signal bus stall<2 : 0> on block mymips is not
   reconstructed, because there are some missing bus signals.
  finished :Prep
Writing EDIF netlist file mymips.edif ...
ngc2edif: Total memory usage is 89064 kilobytes

Release 14.7 - ngc2edif P.20131013 (nt64)
Copyright (c) 1995-2013 Xilinx, Inc.  All rights reserved.
Reading design mymips_with_keyboard.ngc ...
WARNING:NetListWriters:298 - No output is written to mymips_with_keyboard.xncf,
   ignored.
Processing design ...
   Preping design's networks ...
   Preping design's macros ...
WARNING:NetListWriters:306 - Signal bus mymips_INSTANCE/stall<2 : 0> on block
   mymips_with_keyboard is not reconstructed, because there are some missing bus
   signals.
  finished :Prep
Writing EDIF netlist file mymips_with_keyboard.edif ...
ngc2edif: Total memory usage is 89064 kilobytes

Release 14.7 - ngc2edif P.20131013 (nt64)
Copyright (c) 1995-2013 Xilinx, Inc.  All rights reserved.
Reading design mymips_with_keyboard.ngc ...
WARNING:NetListWriters:298 - No output is written to mymips_with_keyboard.xncf,
   ignored.
Processing design ...
   Preping design's networks ...
   Preping design's macros ...
WARNING:NetListWriters:306 - Signal bus mymips_INSTANCE/stall<2 : 0> on block
   mymips_with_keyboard is not reconstructed, because there are some missing bus
   signals.
  finished :Prep
Writing EDIF netlist file mymips_with_keyboard.edif ...
ngc2edif: Total memory usage is 89064 kilobytes

