
****** PlanAhead v14.7 (64-bit)
  **** Build 321239 by xbuild on Fri Sep 27 19:29:51 MDT 2013
    ** Copyright 1986-1999, 2001-2013 Xilinx, Inc. All Rights Reserved.

INFO: [Common 17-78] Attempting to get a license: PlanAhead
INFO: [Common 17-290] Got license for PlanAhead
INFO: [Device 21-36] Loading parts and site information from D:/ISE/14.7/ISE_DS/PlanAhead/data/parts/arch.xml
Parsing RTL primitives file [D:/ISE/14.7/ISE_DS/PlanAhead/data/parts/xilinx/rtl/prims/rtl_prims.xml]
Finished parsing RTL primitives file [D:/ISE/14.7/ISE_DS/PlanAhead/data/parts/xilinx/rtl/prims/rtl_prims.xml]
start_gui
source C:/Users/sword/Desktop/myCPU_newStart/myCPU/pa.fromNetlist.tcl
# create_project -name myCPU -dir "C:/Users/sword/Desktop/myCPU_newStart/myCPU/planAhead_run_3" -part xc3s1200efg320-4
# set_property design_mode GateLvl [get_property srcset [current_run -impl]]
# set_property edif_top_file "C:/Users/sword/Desktop/myCPU_newStart/myCPU/mymips.ngc" [ get_property srcset [ current_run ] ]
# add_files -norecurse { {C:/Users/sword/Desktop/myCPU_newStart/myCPU} }
# set_param project.pinAheadLayout  yes
# set_property target_constrs_file "mymips.ucf" [current_fileset -constrset]
Adding file 'C:/Users/sword/Desktop/myCPU_newStart/myCPU/mymips.ucf' to fileset 'constrs_1'
# add_files [list {mymips.ucf}] -fileset [get_property constrset [current_run]]
# link_design
Design is defaulting to srcset: sources_1
Design is defaulting to constrset: constrs_1
Design is defaulting to project part: xc3s1200efg320-4
Release 14.7 - ngc2edif P.20131013 (nt64)
Copyright (c) 1995-2013 Xilinx, Inc.  All rights reserved.
Reading design mymips.ngc ...
WARNING:NetListWriters:298 - No output is written to mymips.xncf, ignored.
Processing design ...
   Preping design's networks ...
   Preping design's macros ...
WARNING:NetListWriters:306 - Signal bus stall<2 : 0> on block mymips is not
   reconstructed, because there are some missing bus signals.
  finished :Prep
Writing EDIF netlist file mymips.edif ...
ngc2edif: Total memory usage is 89064 kilobytes

Parsing EDIF File [./planAhead_run_3/myCPU.data/cache/mymips_ngc_zx.edif]
Finished Parsing EDIF File [./planAhead_run_3/myCPU.data/cache/mymips_ngc_zx.edif]
INFO: [Designutils 20-910] Reading macro library D:/ISE/14.7/ISE_DS/PlanAhead/data\./parts/xilinx/spartan3e/spartan3e/hd_int_macros.edn
Parsing EDIF File [D:/ISE/14.7/ISE_DS/PlanAhead/data\./parts/xilinx/spartan3e/spartan3e/hd_int_macros.edn]
Finished Parsing EDIF File [D:/ISE/14.7/ISE_DS/PlanAhead/data\./parts/xilinx/spartan3e/spartan3e/hd_int_macros.edn]
WARNING: [Netlist 29-43] Netlist 'mymips' is not ideal for floorplanning, since the cellview 'mymips' defined in file 'mymips.ngc' contains large number of primitives.  Please consider enabling hierarchy in synthesis if you want to do floorplanning.
Loading clock regions from D:/ISE/14.7/ISE_DS/PlanAhead/data\parts/xilinx/spartan3e/spartan3e/xc3s1200e/ClockRegion.xml
Loading clock buffers from D:/ISE/14.7/ISE_DS/PlanAhead/data\parts/xilinx/spartan3e/spartan3e/xc3s1200e/ClockBuffers.xml
Loading package from D:/ISE/14.7/ISE_DS/PlanAhead/data\parts/xilinx/spartan3e/spartan3e/xc3s1200e/fg320/Package.xml
Loading io standards from D:/ISE/14.7/ISE_DS/PlanAhead/data\./parts/xilinx/spartan3e/IOStandards.xml
INFO: [Device 21-19] Loading pkg sso from D:/ISE/14.7/ISE_DS/PlanAhead/data\parts/xilinx/spartan3e/spartan3e/xc3s1200e/fg320/SSORules.xml
Loading list of drcs for the architecture : D:/ISE/14.7/ISE_DS/PlanAhead/data\./parts/xilinx/spartan3e/spartan3e/drc.xml
INFO: [Timing 38-77] Reading timing library D:/ISE/14.7/ISE_DS/PlanAhead/data\parts/xilinx/spartan3e/spartan3e/spartan3e-4.lib.
INFO: [Timing 38-34] Done reading timing library D:/ISE/14.7/ISE_DS/PlanAhead/data\parts/xilinx/spartan3e/spartan3e/spartan3e-4.lib.
Parsing UCF File [C:/Users/sword/Desktop/myCPU_newStart/myCPU/mymips.ucf]
CRITICAL WARNING: [Constraints 18-5] Cannot loc terminal 'booting' at site F1, Site F1 already occupied [C:/Users/sword/Desktop/myCPU_newStart/myCPU/mymips.ucf:132]
Finished Parsing UCF File [C:/Users/sword/Desktop/myCPU_newStart/myCPU/mymips.ucf]
INFO: [Designutils 20-20] Invalid constraints found, use command 'write_ucf -constraints invalid <file>' to save all the invalid constraints to a file
INFO: [Project 1-111] Unisim Transformation Summary:
No Unisim elements were transformed.

Phase 0 | Netlist Checksum: 39972343
link_design: Time (s): elapsed = 00:00:09 . Memory (MB): peak = 584.895 ; gain = 130.484
startgroup
set_property package_pin A14 [get_ports booting]
endgroup
save_constraints
exit
ERROR: [Common 17-39] 'stop_gui' failed due to earlier errors.
INFO: [Common 17-206] Exiting PlanAhead at Sun Nov 27 16:41:19 2016...
INFO: [Common 17-83] Releasing license: PlanAhead
